Logging enabled: /Users/sftnight/MARBLE/.vm_cycler.log
Logging enabled: /Users/sftnight/MARBLE/.vm_cycler.log
[2025-09-17 16:04:14] Cycler started.
[2025-09-17 16:04:14] picking
[2025-09-17 16:04:14] picked macphsft41-ROOT-VM-macOS-15
[2025-09-17 16:04:14] listing all
[2025-09-17 16:04:14] All VMs: macphsft41-ROOT-VM-macOS-13 macphsft41-ROOT-VM-macOS-15 macphsft41-ROOT-VM-macOS-26 macphsft41-VM-macOS-13 macphsft41-VM-macOS-14 macphsft41-VM-macOS-15 
[2025-09-17 16:04:14] All ROOT VMs: macphsft41-ROOT-VM-macOS-13 macphsft41-ROOT-VM-macOS-15 macphsft41-ROOT-VM-macOS-26 
[2025-09-17 16:04:14] There is a running VM on this host: macphsft41-ROOT-VM-macOS-26 
[2025-09-17 16:04:15] macphsft41-ROOT-VM-macOS-26 is idle.
[2025-09-17 16:04:15] Stopping macphsft41-ROOT-VM-macOS-26.
[2025-09-17 16:04:20] Waiting for 10 seconds.

[2025-09-17 16:04:20] No VMs on this host.
[2025-09-17 16:04:20] Starting macphsft41-ROOT-VM-macOS-15.
[2025-09-17 16:04:25] ATTEMPT=0
[2025-09-17 16:04:25] VM is on
[2025-09-17 16:04:26] ATTEMPT=0
[2025-09-17 16:04:26] VM is reachable by ssh
[2025-09-17 16:04:32] ATTEMPT=5
[2025-09-17 16:04:32] Runner ready.
[2025-09-17 16:04:32] Waiting for 120 seconds.

[2025-09-17 16:04:32] Waiting period over on macphsft41-ROOT-VM-macOS-15! 
[2025-09-17 16:04:33] There is a running VM on this host: macphsft41-ROOT-VM-macOS-15 
[2025-09-17 16:04:33] macphsft41-ROOT-VM-macOS-15 is idle.
[2025-09-17 16:04:33] Stopping macphsft41-ROOT-VM-macOS-15.
[2025-09-17 16:04:42] Waiting for 10 seconds.

[2025-09-17 16:04:42] No VMs on this host.
[2025-09-17 16:04:42] Starting macphsft41-ROOT-VM-macOS-26.
[2025-09-17 16:04:48] ATTEMPT=0
[2025-09-17 16:04:48] VM is on
[2025-09-17 16:04:49] ATTEMPT=0
[2025-09-17 16:04:49] VM is reachable by ssh
[2025-09-17 16:04:50] ATTEMPT=1
[2025-09-17 16:04:50] Runner ready.
[2025-09-17 16:04:50] Waiting for 120 seconds.

[2025-09-17 16:04:50] Waiting period over on macphsft41-ROOT-VM-macOS-26! 
[2025-09-17 16:04:53] There is a running VM on this host: macphsft41-ROOT-VM-macOS-26 
[2025-09-17 16:04:53] macphsft41-ROOT-VM-macOS-26 is idle.
[2025-09-17 16:04:53] Stopping macphsft41-ROOT-VM-macOS-26.
[2025-09-17 16:04:59] Waiting for 10 seconds.

[2025-09-17 16:05:00] No VMs on this host.
[2025-09-17 16:05:00] Starting macphsft41-ROOT-VM-macOS-13.
[2025-09-17 16:05:06] ATTEMPT=0
[2025-09-17 16:05:06] VM is on
[2025-09-17 16:05:06] ATTEMPT=0
[2025-09-17 16:05:06] VM is reachable by ssh
[2025-09-17 16:05:11] ATTEMPT=4
[2025-09-17 16:05:11] Runner ready.
[2025-09-17 16:05:11] Waiting for 120 seconds.

[2025-09-17 16:05:11] Waiting period over on macphsft41-ROOT-VM-macOS-13! 
[2025-09-17 16:05:14] There is a running VM on this host: macphsft41-ROOT-VM-macOS-13 
[2025-09-17 16:05:14] macphsft41-ROOT-VM-macOS-13 is idle.
[2025-09-17 16:05:14] Stopping macphsft41-ROOT-VM-macOS-13.
[2025-09-17 16:05:18] Waiting for 10 seconds.

[2025-09-17 16:05:18] No VMs on this host.
[2025-09-17 16:05:18] Starting macphsft41-ROOT-VM-macOS-15.
[2025-09-17 16:05:24] ATTEMPT=0
[2025-09-17 16:05:24] VM is on
[2025-09-17 16:05:25] ATTEMPT=0
[2025-09-17 16:05:25] VM is reachable by ssh
[2025-09-17 16:05:28] ATTEMPT=3
[2025-09-17 16:05:28] Runner ready.
[2025-09-17 16:05:28] Waiting for 120 seconds.

[2025-09-17 16:05:28] Waiting period over on macphsft41-ROOT-VM-macOS-15! 
[2025-09-17 16:05:33] There is a running VM on this host: macphsft41-ROOT-VM-macOS-15 
[2025-09-17 16:05:33] macphsft41-ROOT-VM-macOS-15 is idle.
[2025-09-17 16:05:33] Stopping macphsft41-ROOT-VM-macOS-15.
[2025-09-17 16:05:41] Waiting for 10 seconds.

[2025-09-17 16:05:41] No VMs on this host.
[2025-09-17 16:05:41] Starting macphsft41-ROOT-VM-macOS-26.
[2025-09-17 16:05:47] ATTEMPT=0
[2025-09-17 16:05:47] VM is on
[2025-09-17 16:05:47] ATTEMPT=0
[2025-09-17 16:05:47] VM is reachable by ssh
[2025-09-17 16:05:49] ATTEMPT=1
[2025-09-17 16:05:49] Runner ready.
[2025-09-17 16:05:49] Waiting for 120 seconds.

[2025-09-17 16:05:49] Waiting period over on macphsft41-ROOT-VM-macOS-26! 
[2025-09-17 16:05:53] There is a running VM on this host: macphsft41-ROOT-VM-macOS-26 
[2025-09-17 16:05:53] macphsft41-ROOT-VM-macOS-26 is idle.
[2025-09-17 16:05:53] Stopping macphsft41-ROOT-VM-macOS-26.
Logging enabled: /Users/sftnight/MARBLE/.vm_cycler.log
[2025-09-17 16:06:08] Cycler started.
[2025-09-17 16:06:08] picking
[2025-09-17 16:06:08] picked macphsft41-ROOT-VM-macOS-13
[2025-09-17 16:06:08] listing all
[2025-09-17 16:06:09] All VMs: macphsft41-ROOT-VM-macOS-13 macphsft41-ROOT-VM-macOS-15 macphsft41-ROOT-VM-macOS-26 macphsft41-VM-macOS-13 macphsft41-VM-macOS-14 macphsft41-VM-macOS-15 
[2025-09-17 16:06:09] All ROOT VMs: macphsft41-ROOT-VM-macOS-13 macphsft41-ROOT-VM-macOS-15 macphsft41-ROOT-VM-macOS-26 
[2025-09-17 16:06:09] No VMs on this host.
[2025-09-17 16:06:09] Starting macphsft41-ROOT-VM-macOS-13.
[2025-09-17 16:06:15] ATTEMPT=0
[2025-09-17 16:06:15] VM is on
[2025-09-17 16:06:16] ATTEMPT=0
[2025-09-17 16:06:16] VM is reachable by ssh
[2025-09-17 16:06:18] ATTEMPT=2
[2025-09-17 16:06:18] Runner ready.
[2025-09-17 16:06:18] Waiting for 120 seconds.

[2025-09-17 16:06:18] Waiting period over on macphsft41-ROOT-VM-macOS-13! 
[2025-09-17 16:06:22] There is a running VM on this host: macphsft41-ROOT-VM-macOS-13 
[2025-09-17 16:06:22] macphsft41-ROOT-VM-macOS-13 is idle.
[2025-09-17 16:06:22] Stopping macphsft41-ROOT-VM-macOS-13.
[2025-09-17 16:06:27] Waiting for 10 seconds.

[2025-09-17 16:06:27] No VMs on this host.
[2025-09-17 16:06:27] Starting macphsft41-ROOT-VM-macOS-15.
[2025-09-17 16:06:33] ATTEMPT=0
[2025-09-17 16:06:33] VM is on
[2025-09-17 16:06:33] ATTEMPT=0
[2025-09-17 16:06:33] VM is reachable by ssh
[2025-09-17 16:06:37] ATTEMPT=3
[2025-09-17 16:06:37] Runner ready.
[2025-09-17 16:06:37] Waiting for 120 seconds.

[2025-09-17 16:06:37] Waiting period over on macphsft41-ROOT-VM-macOS-15! 
[2025-09-17 16:06:42] There is a running VM on this host: macphsft41-ROOT-VM-macOS-15 
[2025-09-17 16:06:42] macphsft41-ROOT-VM-macOS-15 is idle.
[2025-09-17 16:06:42] Stopping macphsft41-ROOT-VM-macOS-15.
[2025-09-17 16:06:47] Waiting for 10 seconds.

[2025-09-17 16:06:47] No VMs on this host.
[2025-09-17 16:06:47] Starting macphsft41-ROOT-VM-macOS-26.
[2025-09-17 16:06:53] ATTEMPT=0
[2025-09-17 16:06:53] VM is on
[2025-09-17 16:06:55] ATTEMPT=0
[2025-09-17 16:06:55] VM is reachable by ssh
[2025-09-17 16:06:57] ATTEMPT=2
[2025-09-17 16:06:57] Runner ready.
[2025-09-17 16:06:57] Waiting for 120 seconds.

[2025-09-17 16:06:57] Waiting period over on macphsft41-ROOT-VM-macOS-26! 
[2025-09-17 16:06:57] There is a running VM on this host: macphsft41-ROOT-VM-macOS-26 
[2025-09-17 16:06:57] macphsft41-ROOT-VM-macOS-26 is idle.
[2025-09-17 16:06:57] Stopping macphsft41-ROOT-VM-macOS-26.
[2025-09-17 16:07:08] Waiting for 10 seconds.

[2025-09-17 16:07:08] No VMs on this host.
[2025-09-17 16:07:08] Starting macphsft41-ROOT-VM-macOS-13.
[2025-09-17 16:07:14] ATTEMPT=0
[2025-09-17 16:07:14] VM is on
[2025-09-17 16:07:14] ATTEMPT=0
[2025-09-17 16:07:14] VM is reachable by ssh
[2025-09-17 16:07:19] ATTEMPT=4
[2025-09-17 16:07:19] Runner ready.
[2025-09-17 16:07:19] Waiting for 120 seconds.

[2025-09-17 16:07:19] Waiting period over on macphsft41-ROOT-VM-macOS-13! 
[2025-09-17 16:07:21] There is a running VM on this host: macphsft41-ROOT-VM-macOS-13 
[2025-09-17 16:07:21] macphsft41-ROOT-VM-macOS-13 is idle.
[2025-09-17 16:07:21] Stopping macphsft41-ROOT-VM-macOS-13.
[2025-09-17 16:07:27] Waiting for 10 seconds.

[2025-09-17 16:07:27] No VMs on this host.
[2025-09-17 16:07:27] Starting macphsft41-ROOT-VM-macOS-26.
[2025-09-17 16:07:33] ATTEMPT=0
[2025-09-17 16:07:33] VM is on
[2025-09-17 16:07:34] ATTEMPT=0
[2025-09-17 16:07:34] VM is reachable by ssh
[2025-09-17 16:07:35] ATTEMPT=1
[2025-09-17 16:07:35] Runner ready.
[2025-09-17 16:07:35] Waiting for 120 seconds.

[2025-09-17 16:07:35] Waiting period over on macphsft41-ROOT-VM-macOS-26! 
[2025-09-17 16:07:38] There is a running VM on this host: macphsft41-ROOT-VM-macOS-26 
[2025-09-17 16:07:39] macphsft41-ROOT-VM-macOS-26 is idle.
[2025-09-17 16:07:39] Stopping macphsft41-ROOT-VM-macOS-26.
[2025-09-17 16:07:44] Waiting for 10 seconds.

[2025-09-17 16:07:44] No VMs on this host.
[2025-09-17 16:07:44] Starting macphsft41-ROOT-VM-macOS-15.
[2025-09-17 16:07:50] ATTEMPT=0
[2025-09-17 16:07:50] VM is on
[2025-09-17 16:07:50] ATTEMPT=0
[2025-09-17 16:07:50] VM is reachable by ssh
[2025-09-17 16:07:55] ATTEMPT=4
[2025-09-17 16:07:55] Runner ready.
[2025-09-17 16:07:55] Waiting for 120 seconds.

[2025-09-17 16:07:55] Waiting period over on macphsft41-ROOT-VM-macOS-15! 
[2025-09-17 16:07:58] There is a running VM on this host: macphsft41-ROOT-VM-macOS-15 
[2025-09-17 16:07:58] macphsft41-ROOT-VM-macOS-15 is idle.
[2025-09-17 16:07:58] Stopping macphsft41-ROOT-VM-macOS-15.
[2025-09-17 16:08:01] Waiting for 10 seconds.

[2025-09-17 16:08:01] No VMs on this host.
[2025-09-17 16:08:01] Starting macphsft41-ROOT-VM-macOS-13.
